[2025-03-14T18:53:55.681+0000] {local_task_job_runner.py:123} INFO - ::group::Pre task execution logs
[2025-03-14T18:53:55.688+0000] {taskinstance.py:2614} INFO - Dependencies all met for dep_context=non-requeueable deps ti=<TaskInstance: list_minio_files_dag.list_files_in_bucket manual__2025-03-15T03:53:52+09:00 [queued]>
[2025-03-14T18:53:55.691+0000] {taskinstance.py:2614} INFO - Dependencies all met for dep_context=requeueable deps ti=<TaskInstance: list_minio_files_dag.list_files_in_bucket manual__2025-03-15T03:53:52+09:00 [queued]>
[2025-03-14T18:53:55.692+0000] {taskinstance.py:2867} INFO - Starting attempt 1 of 2
[2025-03-14T18:53:55.696+0000] {taskinstance.py:2890} INFO - Executing <Task(PythonOperator): list_files_in_bucket> on 2025-03-14 18:53:52+00:00
[2025-03-14T18:53:55.700+0000] {warnings.py:112} WARNING - /home/***/.local/lib/python3.12/site-packages/***/task/task_runner/standard_task_runner.py:70: DeprecationWarning: This process (pid=1220) is multi-threaded, use of fork() may lead to deadlocks in the child.
  pid = os.fork()

[2025-03-14T18:53:55.700+0000] {standard_task_runner.py:72} INFO - Started process 1221 to run task
[2025-03-14T18:53:55.701+0000] {standard_task_runner.py:104} INFO - Running: ['***', 'tasks', 'run', 'list_minio_files_dag', 'list_files_in_bucket', 'manual__2025-03-15T03:53:52+09:00', '--job-id', '31', '--raw', '--subdir', 'DAGS_FOLDER/sample_dag.py', '--cfg-path', '/tmp/tmpxkc5pb2z']
[2025-03-14T18:53:55.702+0000] {standard_task_runner.py:105} INFO - Job 31: Subtask list_files_in_bucket
[2025-03-14T18:53:55.723+0000] {task_command.py:467} INFO - Running <TaskInstance: list_minio_files_dag.list_files_in_bucket manual__2025-03-15T03:53:52+09:00 [running]> on host a389b3fab5c2
[2025-03-14T18:53:55.876+0000] {taskinstance.py:3134} INFO - Exporting env vars: AIRFLOW_CTX_DAG_OWNER='***' AIRFLOW_CTX_DAG_ID='list_minio_files_dag' AIRFLOW_CTX_TASK_ID='list_files_in_bucket' AIRFLOW_CTX_EXECUTION_DATE='2025-03-14T18:53:52+00:00' AIRFLOW_CTX_TRY_NUMBER='1' AIRFLOW_CTX_DAG_RUN_ID='manual__2025-03-15T03:53:52+09:00'
[2025-03-14T18:53:55.877+0000] {logging_mixin.py:190} INFO - Task instance is in running state
[2025-03-14T18:53:55.877+0000] {logging_mixin.py:190} INFO -  Previous state of the Task instance: queued
[2025-03-14T18:53:55.877+0000] {logging_mixin.py:190} INFO - Current task name:list_files_in_bucket state:running start_date:2025-03-14 18:53:55.689177+00:00
[2025-03-14T18:53:55.877+0000] {logging_mixin.py:190} INFO - Dag name:list_minio_files_dag and current dag run status:running
[2025-03-14T18:53:55.877+0000] {taskinstance.py:732} INFO - ::endgroup::
[2025-03-14T18:53:55.878+0000] {logging_mixin.py:190} INFO - Files in bucket 'document':
[2025-03-14T18:53:55.889+0000] {logging_mixin.py:190} INFO - Analyses on the impact of consumers’ participation by demand response for flexibility procurement - ScienceDirect.pdf
[2025-03-14T18:53:55.889+0000] {logging_mixin.py:190} INFO - CPG-MinIO-implementation-guide.pdf
[2025-03-14T18:53:55.889+0000] {logging_mixin.py:190} INFO - Red_Hat_build_of_Keycloak-24.0-Getting_Started_Guide-en-US.pdf
[2025-03-14T18:53:55.890+0000] {logging_mixin.py:190} INFO - UserManual.pdf
[2025-03-14T18:53:55.890+0000] {python.py:240} INFO - Done. Returned value was: None
[2025-03-14T18:53:55.894+0000] {taskinstance.py:341} INFO - ::group::Post task execution logs
[2025-03-14T18:53:55.894+0000] {taskinstance.py:353} INFO - Marking task as SUCCESS. dag_id=list_minio_files_dag, task_id=list_files_in_bucket, run_id=manual__2025-03-15T03:53:52+09:00, execution_date=20250314T185352, start_date=20250314T185355, end_date=20250314T185355
[2025-03-14T18:53:55.904+0000] {logging_mixin.py:190} INFO - Task instance in success state
[2025-03-14T18:53:55.904+0000] {logging_mixin.py:190} INFO -  Previous state of the Task instance: running
[2025-03-14T18:53:55.904+0000] {logging_mixin.py:190} INFO - Dag name:list_minio_files_dag queued_at:2025-03-14 18:53:54.742604+00:00
[2025-03-14T18:53:55.905+0000] {logging_mixin.py:190} INFO - Task hostname:a389b3fab5c2 operator:PythonOperator
[2025-03-14T18:53:55.925+0000] {local_task_job_runner.py:266} INFO - Task exited with return code 0
[2025-03-14T18:53:55.933+0000] {taskinstance.py:3901} INFO - 0 downstream tasks scheduled from follow-on schedule check
[2025-03-14T18:53:55.934+0000] {local_task_job_runner.py:245} INFO - ::endgroup::
