[2025-03-14T17:48:40.599+0000] {local_task_job_runner.py:123} INFO - ::group::Pre task execution logs
[2025-03-14T17:48:40.605+0000] {taskinstance.py:2614} INFO - Dependencies all met for dep_context=non-requeueable deps ti=<TaskInstance: sample_dag.print_hello manual__2025-03-14T17:48:39.314788+00:00 [queued]>
[2025-03-14T17:48:40.609+0000] {taskinstance.py:2614} INFO - Dependencies all met for dep_context=requeueable deps ti=<TaskInstance: sample_dag.print_hello manual__2025-03-14T17:48:39.314788+00:00 [queued]>
[2025-03-14T17:48:40.610+0000] {taskinstance.py:2867} INFO - Starting attempt 1 of 2
[2025-03-14T17:48:40.692+0000] {taskinstance.py:2890} INFO - Executing <Task(PythonOperator): print_hello> on 2025-03-14 17:48:39.314788+00:00
[2025-03-14T17:48:40.696+0000] {warnings.py:112} WARNING - /home/***/.local/lib/python3.12/site-packages/***/task/task_runner/standard_task_runner.py:70: DeprecationWarning: This process (pid=280) is multi-threaded, use of fork() may lead to deadlocks in the child.
  pid = os.fork()

[2025-03-14T17:48:40.697+0000] {standard_task_runner.py:72} INFO - Started process 281 to run task
[2025-03-14T17:48:40.697+0000] {standard_task_runner.py:104} INFO - Running: ['***', 'tasks', 'run', 'sample_dag', 'print_hello', 'manual__2025-03-14T17:48:39.314788+00:00', '--job-id', '8', '--raw', '--subdir', 'DAGS_FOLDER/sample_dag.py', '--cfg-path', '/tmp/tmpuimxep6_']
[2025-03-14T17:48:40.698+0000] {standard_task_runner.py:105} INFO - Job 8: Subtask print_hello
[2025-03-14T17:48:40.718+0000] {task_command.py:467} INFO - Running <TaskInstance: sample_dag.print_hello manual__2025-03-14T17:48:39.314788+00:00 [running]> on host a389b3fab5c2
[2025-03-14T17:48:40.752+0000] {taskinstance.py:3134} INFO - Exporting env vars: AIRFLOW_CTX_DAG_OWNER='***' AIRFLOW_CTX_DAG_ID='sample_dag' AIRFLOW_CTX_TASK_ID='print_hello' AIRFLOW_CTX_EXECUTION_DATE='2025-03-14T17:48:39.314788+00:00' AIRFLOW_CTX_TRY_NUMBER='1' AIRFLOW_CTX_DAG_RUN_ID='manual__2025-03-14T17:48:39.314788+00:00'
[2025-03-14T17:48:40.753+0000] {logging_mixin.py:190} INFO - Task instance is in running state
[2025-03-14T17:48:40.753+0000] {logging_mixin.py:190} INFO -  Previous state of the Task instance: queued
[2025-03-14T17:48:40.753+0000] {logging_mixin.py:190} INFO - Current task name:print_hello state:running start_date:2025-03-14 17:48:40.606184+00:00
[2025-03-14T17:48:40.753+0000] {logging_mixin.py:190} INFO - Dag name:sample_dag and current dag run status:running
[2025-03-14T17:48:40.753+0000] {taskinstance.py:732} INFO - ::endgroup::
[2025-03-14T17:48:40.754+0000] {logging_mixin.py:190} INFO - Hello, Airflow! Task triggered with ID: 12345
[2025-03-14T17:48:40.754+0000] {python.py:240} INFO - Done. Returned value was: None
[2025-03-14T17:48:40.758+0000] {taskinstance.py:341} INFO - ::group::Post task execution logs
[2025-03-14T17:48:40.758+0000] {taskinstance.py:353} INFO - Marking task as SUCCESS. dag_id=sample_dag, task_id=print_hello, run_id=manual__2025-03-14T17:48:39.314788+00:00, execution_date=20250314T174839, start_date=20250314T174840, end_date=20250314T174840
[2025-03-14T17:48:40.767+0000] {logging_mixin.py:190} INFO - Task instance in success state
[2025-03-14T17:48:40.768+0000] {logging_mixin.py:190} INFO -  Previous state of the Task instance: running
[2025-03-14T17:48:40.768+0000] {logging_mixin.py:190} INFO - Dag name:sample_dag queued_at:2025-03-14 17:48:39.324978+00:00
[2025-03-14T17:48:40.768+0000] {logging_mixin.py:190} INFO - Task hostname:a389b3fab5c2 operator:PythonOperator
[2025-03-14T17:48:40.801+0000] {local_task_job_runner.py:266} INFO - Task exited with return code 0
[2025-03-14T17:48:40.810+0000] {taskinstance.py:3901} INFO - 0 downstream tasks scheduled from follow-on schedule check
[2025-03-14T17:48:40.811+0000] {local_task_job_runner.py:245} INFO - ::endgroup::
