[2025-03-15T11:50:13.188+0000] {local_task_job_runner.py:123} INFO - ::group::Pre task execution logs
[2025-03-15T11:50:13.195+0000] {taskinstance.py:2614} INFO - Dependencies all met for dep_context=non-requeueable deps ti=<TaskInstance: upload_files_to_minio_dag.upload_file_to_minio manual__2025-03-15T20:49:57+09:00 [queued]>
[2025-03-15T11:50:13.199+0000] {taskinstance.py:2614} INFO - Dependencies all met for dep_context=requeueable deps ti=<TaskInstance: upload_files_to_minio_dag.upload_file_to_minio manual__2025-03-15T20:49:57+09:00 [queued]>
[2025-03-15T11:50:13.199+0000] {taskinstance.py:2867} INFO - Starting attempt 1 of 2
[2025-03-15T11:50:13.204+0000] {taskinstance.py:2890} INFO - Executing <Task(PythonOperator): upload_file_to_minio> on 2025-03-15 11:49:57+00:00
[2025-03-15T11:50:13.208+0000] {warnings.py:112} WARNING - /home/***/.local/lib/python3.12/site-packages/***/task/task_runner/standard_task_runner.py:70: DeprecationWarning: This process (pid=386) is multi-threaded, use of fork() may lead to deadlocks in the child.
  pid = os.fork()

[2025-03-15T11:50:13.208+0000] {standard_task_runner.py:72} INFO - Started process 387 to run task
[2025-03-15T11:50:13.209+0000] {standard_task_runner.py:104} INFO - Running: ['***', 'tasks', 'run', 'upload_files_to_minio_dag', 'upload_file_to_minio', 'manual__2025-03-15T20:49:57+09:00', '--job-id', '36', '--raw', '--subdir', 'DAGS_FOLDER/upload_files_to_minio_dag.py', '--cfg-path', '/tmp/tmpwc0xl6o3']
[2025-03-15T11:50:13.210+0000] {standard_task_runner.py:105} INFO - Job 36: Subtask upload_file_to_minio
[2025-03-15T11:50:13.231+0000] {task_command.py:467} INFO - Running <TaskInstance: upload_files_to_minio_dag.upload_file_to_minio manual__2025-03-15T20:49:57+09:00 [running]> on host 4fe434cf3bee
[2025-03-15T11:50:13.266+0000] {taskinstance.py:3134} INFO - Exporting env vars: AIRFLOW_CTX_DAG_OWNER='***' AIRFLOW_CTX_DAG_ID='upload_files_to_minio_dag' AIRFLOW_CTX_TASK_ID='upload_file_to_minio' AIRFLOW_CTX_EXECUTION_DATE='2025-03-15T11:49:57+00:00' AIRFLOW_CTX_TRY_NUMBER='1' AIRFLOW_CTX_DAG_RUN_ID='manual__2025-03-15T20:49:57+09:00'
[2025-03-15T11:50:13.267+0000] {logging_mixin.py:190} INFO - Task instance is in running state
[2025-03-15T11:50:13.267+0000] {logging_mixin.py:190} INFO -  Previous state of the Task instance: queued
[2025-03-15T11:50:13.267+0000] {logging_mixin.py:190} INFO - Current task name:upload_file_to_minio state:running start_date:2025-03-15 11:50:13.195354+00:00
[2025-03-15T11:50:13.267+0000] {logging_mixin.py:190} INFO - Dag name:upload_files_to_minio_dag and current dag run status:running
[2025-03-15T11:50:13.267+0000] {taskinstance.py:732} INFO - ::endgroup::
[2025-03-15T11:50:13.268+0000] {logging_mixin.py:190} INFO - Error: File /opt/***/uploads/test.pdf does not exist!
[2025-03-15T11:50:13.268+0000] {python.py:240} INFO - Done. Returned value was: None
[2025-03-15T11:50:13.272+0000] {taskinstance.py:341} INFO - ::group::Post task execution logs
[2025-03-15T11:50:13.272+0000] {taskinstance.py:353} INFO - Marking task as SUCCESS. dag_id=upload_files_to_minio_dag, task_id=upload_file_to_minio, run_id=manual__2025-03-15T20:49:57+09:00, execution_date=20250315T114957, start_date=20250315T115013, end_date=20250315T115013
[2025-03-15T11:50:13.283+0000] {logging_mixin.py:190} INFO - Task instance in success state
[2025-03-15T11:50:13.283+0000] {logging_mixin.py:190} INFO -  Previous state of the Task instance: running
[2025-03-15T11:50:13.283+0000] {logging_mixin.py:190} INFO - Dag name:upload_files_to_minio_dag queued_at:2025-03-15 11:50:08.452912+00:00
[2025-03-15T11:50:13.283+0000] {logging_mixin.py:190} INFO - Task hostname:4fe434cf3bee operator:PythonOperator
[2025-03-15T11:50:13.308+0000] {local_task_job_runner.py:266} INFO - Task exited with return code 0
[2025-03-15T11:50:13.316+0000] {taskinstance.py:3901} INFO - 0 downstream tasks scheduled from follow-on schedule check
[2025-03-15T11:50:13.317+0000] {local_task_job_runner.py:245} INFO - ::endgroup::
