Forwarding from 127.0.0.1:9001 -> 9001
Forwarding from [::1]:9001 -> 9001
Handling connection for 9001
Handling connection for 9001
Handling connection for 9001
Handling connection for 9001
Handling connection for 9001
Handling connection for 9001
Handling connection for 9001
Handling connection for 9001
Handling connection for 9001
Handling connection for 9001
Handling connection for 9001
Handling connection for 9001
Handling connection for 9001
Handling connection for 9001
Handling connection for 9001
Handling connection for 9001
Handling connection for 9001
Handling connection for 9001
Handling connection for 9001
Handling connection for 9001
Handling connection for 9001
Handling connection for 9001
Handling connection for 9001
Handling connection for 9001
Handling connection for 9001
Handling connection for 9001
Handling connection for 9001
Handling connection for 9001
Handling connection for 9001
Handling connection for 9001
Handling connection for 9001
Handling connection for 9001
Handling connection for 9001
Handling connection for 9001
Handling connection for 9001
Handling connection for 9001
Handling connection for 9001
Handling connection for 9001
Handling connection for 9001
Handling connection for 9001
Handling connection for 9001
Handling connection for 9001
Handling connection for 9001
Handling connection for 9001
Handling connection for 9001
Handling connection for 9001
Handling connection for 9001
Handling connection for 9001
Handling connection for 9001
Handling connection for 9001
Handling connection for 9001
Handling connection for 9001
Handling connection for 9001
Handling connection for 9001
Handling connection for 9001
Handling connection for 9001
Handling connection for 9001
Handling connection for 9001
Handling connection for 9001
Handling connection for 9001
Handling connection for 9001
Handling connection for 9001
Handling connection for 9001
Handling connection for 9001
Handling connection for 9001
Handling connection for 9001
Handling connection for 9001
Handling connection for 9001
Handling connection for 9001
Handling connection for 9001
Handling connection for 9001
Handling connection for 9001
Handling connection for 9001
Handling connection for 9001
Handling connection for 9001
Handling connection for 9001
Handling connection for 9001
Handling connection for 9001
Handling connection for 9001
Handling connection for 9001
Handling connection for 9001
Handling connection for 9001
Handling connection for 9001
Handling connection for 9001
Handling connection for 9001
Handling connection for 9001
Handling connection for 9001
Handling connection for 9001
Handling connection for 9001
Handling connection for 9001
Handling connection for 9001
Handling connection for 9001
Handling connection for 9001
Handling connection for 9001
Handling connection for 9001
Handling connection for 9001
Handling connection for 9001
Handling connection for 9001
Handling connection for 9001
Handling connection for 9001
Handling connection for 9001
Handling connection for 9001
Handling connection for 9001
Handling connection for 9001
Handling connection for 9001
Handling connection for 9001
Handling connection for 9001
Handling connection for 9001
Handling connection for 9001
Handling connection for 9001
Handling connection for 9001
Handling connection for 9001
Handling connection for 9001
Handling connection for 9001
Handling connection for 9001
Handling connection for 9001
Handling connection for 9001
Handling connection for 9001
Handling connection for 9001
Handling connection for 9001
Handling connection for 9001
Handling connection for 9001
Handling connection for 9001
Handling connection for 9001
Handling connection for 9001
Handling connection for 9001
Handling connection for 9001
Handling connection for 9001
Handling connection for 9001
Handling connection for 9001
Handling connection for 9001
Handling connection for 9001
Handling connection for 9001
Handling connection for 9001
Handling connection for 9001
Handling connection for 9001
Handling connection for 9001
Handling connection for 9001
Handling connection for 9001
Handling connection for 9001
Handling connection for 9001
Handling connection for 9001
Handling connection for 9001
Handling connection for 9001
Handling connection for 9001
Handling connection for 9001
Handling connection for 9001
Handling connection for 9001
Handling connection for 9001
Handling connection for 9001
Handling connection for 9001
Handling connection for 9001
Handling connection for 9001
Handling connection for 9001
Handling connection for 9001
Handling connection for 9001
Handling connection for 9001
Handling connection for 9001
Handling connection for 9001
Handling connection for 9001
Handling connection for 9001
Handling connection for 9001
Handling connection for 9001
Handling connection for 9001
Handling connection for 9001
Handling connection for 9001
Handling connection for 9001
Handling connection for 9001
Handling connection for 9001
Handling connection for 9001
Handling connection for 9001
Handling connection for 9001
Handling connection for 9001
Handling connection for 9001
Handling connection for 9001
Handling connection for 9001
Handling connection for 9001
Handling connection for 9001
Handling connection for 9001
Handling connection for 9001
Handling connection for 9001
Handling connection for 9001
Handling connection for 9001
Handling connection for 9001
Handling connection for 9001
Handling connection for 9001
Handling connection for 9001
Handling connection for 9001
Handling connection for 9001
Handling connection for 9001
Handling connection for 9001
Handling connection for 9001
Handling connection for 9001
Handling connection for 9001
Handling connection for 9001
Handling connection for 9001
Handling connection for 9001
Handling connection for 9001
Handling connection for 9001
Handling connection for 9001
Handling connection for 9001
Handling connection for 9001
Handling connection for 9001
Handling connection for 9001
Handling connection for 9001
Handling connection for 9001
Handling connection for 9001
Handling connection for 9001
Handling connection for 9001
Handling connection for 9001
Handling connection for 9001
Handling connection for 9001
Handling connection for 9001
Handling connection for 9001
Handling connection for 9001
Handling connection for 9001
Handling connection for 9001
Handling connection for 9001
Handling connection for 9001
Handling connection for 9001
Handling connection for 9001
Handling connection for 9001
Handling connection for 9001
Handling connection for 9001
Handling connection for 9001
Handling connection for 9001
Handling connection for 9001
Handling connection for 9001
Handling connection for 9001
Handling connection for 9001
Handling connection for 9001
Handling connection for 9001
Handling connection for 9001
Handling connection for 9001
Handling connection for 9001
Handling connection for 9001
Handling connection for 9001
Handling connection for 9001
Handling connection for 9001
Handling connection for 9001
Handling connection for 9001
Handling connection for 9001
Handling connection for 9001
Handling connection for 9001
Handling connection for 9001
Handling connection for 9001
Handling connection for 9001
Handling connection for 9001
Handling connection for 9001
Handling connection for 9001
Handling connection for 9001
Handling connection for 9001
Handling connection for 9001
Handling connection for 9001
Handling connection for 9001
Handling connection for 9001
Handling connection for 9001
Handling connection for 9001
Handling connection for 9001
Handling connection for 9001
Handling connection for 9001
Handling connection for 9001
Handling connection for 9001
Handling connection for 9001
Handling connection for 9001
Handling connection for 9001
Handling connection for 9001
Handling connection for 9001
Handling connection for 9001
Handling connection for 9001
Handling connection for 9001
Handling connection for 9001
Handling connection for 9001
Handling connection for 9001
Handling connection for 9001
Handling connection for 9001
Handling connection for 9001
Handling connection for 9001
Handling connection for 9001
Handling connection for 9001
Handling connection for 9001
Handling connection for 9001
Handling connection for 9001
Handling connection for 9001
Handling connection for 9001
Handling connection for 9001
Handling connection for 9001
Handling connection for 9001
Handling connection for 9001
Handling connection for 9001
Handling connection for 9001
Handling connection for 9001
Handling connection for 9001
Handling connection for 9001
Handling connection for 9001
Handling connection for 9001
Handling connection for 9001
Handling connection for 9001
Handling connection for 9001
Handling connection for 9001
Handling connection for 9001
Handling connection for 9001
Handling connection for 9001
Handling connection for 9001
Handling connection for 9001
Handling connection for 9001
Handling connection for 9001
Handling connection for 9001
Handling connection for 9001
Handling connection for 9001
Handling connection for 9001
Handling connection for 9001
Handling connection for 9001
Handling connection for 9001
Handling connection for 9001
Handling connection for 9001
Handling connection for 9001
Handling connection for 9001
Handling connection for 9001
Handling connection for 9001
Handling connection for 9001
Handling connection for 9001
Handling connection for 9001
Handling connection for 9001
Handling connection for 9001
Handling connection for 9001
Handling connection for 9001
Handling connection for 9001
Handling connection for 9001
Handling connection for 9001
Handling connection for 9001
Handling connection for 9001
Handling connection for 9001
Handling connection for 9001
Handling connection for 9001
Handling connection for 9001
Handling connection for 9001
Handling connection for 9001
Handling connection for 9001
Handling connection for 9001
Handling connection for 9001
Handling connection for 9001
Handling connection for 9001
Handling connection for 9001
Handling connection for 9001
Handling connection for 9001
Handling connection for 9001
Handling connection for 9001
Handling connection for 9001
Handling connection for 9001
Handling connection for 9001
Handling connection for 9001
Handling connection for 9001
Handling connection for 9001
Handling connection for 9001
Handling connection for 9001
Handling connection for 9001
Handling connection for 9001
Handling connection for 9001
Handling connection for 9001
Handling connection for 9001
Handling connection for 9001
Handling connection for 9001
Handling connection for 9001
Handling connection for 9001
Handling connection for 9001
Handling connection for 9001
Handling connection for 9001
Handling connection for 9001
Handling connection for 9001
Handling connection for 9001
Handling connection for 9001
Handling connection for 9001
Handling connection for 9001
Handling connection for 9001
Handling connection for 9001
Handling connection for 9001
Handling connection for 9001
Handling connection for 9001
Handling connection for 9001
Handling connection for 9001
Handling connection for 9001
Handling connection for 9001
Handling connection for 9001
Handling connection for 9001
Handling connection for 9001
Handling connection for 9001
Handling connection for 9001
Handling connection for 9001
Handling connection for 9001
Handling connection for 9001
Handling connection for 9001
Handling connection for 9001
Handling connection for 9001
Handling connection for 9001
Handling connection for 9001
Handling connection for 9001
Handling connection for 9001
Handling connection for 9001
Handling connection for 9001
Handling connection for 9001
Handling connection for 9001
Handling connection for 9001
Handling connection for 9001
Handling connection for 9001
Handling connection for 9001
Handling connection for 9001
Handling connection for 9001
Handling connection for 9001
Handling connection for 9001
Handling connection for 9001
Handling connection for 9001
Handling connection for 9001
Handling connection for 9001
Handling connection for 9001
Handling connection for 9001
E0302 14:59:21.011449   38809 portforward.go:357] "Unhandled Error" err="error creating error stream for port 9001 -> 9001: Timeout occurred"
E0302 14:59:21.011463   38809 portforward.go:357] "Unhandled Error" err="error creating error stream for port 9001 -> 9001: Timeout occurred"
Handling connection for 9001
Handling connection for 9001
E0302 14:59:21.933881   38809 portforward.go:357] "Unhandled Error" err="error creating error stream for port 9001 -> 9001: Timeout occurred"
Handling connection for 9001
E0302 14:59:51.019985   38809 portforward.go:357] "Unhandled Error" err="error creating error stream for port 9001 -> 9001: Timeout occurred"
E0302 14:59:51.020686   38809 portforward.go:357] "Unhandled Error" err="error creating error stream for port 9001 -> 9001: Timeout occurred"
Handling connection for 9001
Handling connection for 9001
E0302 14:59:51.938083   38809 portforward.go:357] "Unhandled Error" err="error creating error stream for port 9001 -> 9001: Timeout occurred"
Handling connection for 9001
E0302 15:00:21.026082   38809 portforward.go:357] "Unhandled Error" err="error creating error stream for port 9001 -> 9001: Timeout occurred"
E0302 15:00:21.026113   38809 portforward.go:357] "Unhandled Error" err="error creating error stream for port 9001 -> 9001: Timeout occurred"
E0302 15:00:21.941388   38809 portforward.go:357] "Unhandled Error" err="error creating error stream for port 9001 -> 9001: Timeout occurred"
Handling connection for 9001
Handling connection for 9001
Handling connection for 9001
Handling connection for 9001
Handling connection for 9001
E0302 15:09:24.246299   38809 portforward.go:357] "Unhandled Error" err="error creating error stream for port 9001 -> 9001: Timeout occurred"
E0302 15:09:24.280362   38809 portforward.go:357] "Unhandled Error" err="error creating error stream for port 9001 -> 9001: Timeout occurred"
Handling connection for 9001
E0302 15:09:37.129259   38809 portforward.go:357] "Unhandled Error" err="error creating error stream for port 9001 -> 9001: Timeout occurred"
Handling connection for 9001
E0302 15:09:44.950814   38809 portforward.go:357] "Unhandled Error" err="error creating error stream for port 9001 -> 9001: Timeout occurred"
Handling connection for 9001
E0302 15:09:47.995957   38809 portforward.go:357] "Unhandled Error" err="error creating error stream for port 9001 -> 9001: Timeout occurred"
Handling connection for 9001
E0302 15:09:54.287185   38809 portforward.go:357] "Unhandled Error" err="error creating error stream for port 9001 -> 9001: Timeout occurred"
E0302 15:10:07.134948   38809 portforward.go:357] "Unhandled Error" err="error creating error stream for port 9001 -> 9001: Timeout occurred"
Handling connection for 9001
E0302 15:10:14.955805   38809 portforward.go:357] "Unhandled Error" err="error creating error stream for port 9001 -> 9001: Timeout occurred"
Handling connection for 9001
E0302 15:10:18.003308   38809 portforward.go:357] "Unhandled Error" err="error creating error stream for port 9001 -> 9001: Timeout occurred"
Handling connection for 9001
Handling connection for 9001
E0302 15:10:37.145990   38809 portforward.go:357] "Unhandled Error" err="error creating error stream for port 9001 -> 9001: Timeout occurred"
E0302 15:10:44.962260   38809 portforward.go:357] "Unhandled Error" err="error creating error stream for port 9001 -> 9001: Timeout occurred"
E0302 15:10:48.008808   38809 portforward.go:357] "Unhandled Error" err="error creating error stream for port 9001 -> 9001: Timeout occurred"
E0302 15:10:51.180696   38809 portforward.go:357] "Unhandled Error" err="error creating error stream for port 9001 -> 9001: Timeout occurred"
Handling connection for 9001
E0302 15:11:21.192982   38809 portforward.go:357] "Unhandled Error" err="error creating error stream for port 9001 -> 9001: Timeout occurred"
Handling connection for 9001
E0302 15:11:51.197597   38809 portforward.go:357] "Unhandled Error" err="error creating error stream for port 9001 -> 9001: Timeout occurred"
error: lost connection to pod
nohup: minio: No such file or directory
error: Service minio-service does not have a service port 31905
