[2025-03-14T17:46:52.640+0000] {local_task_job_runner.py:123} INFO - ::group::Pre task execution logs
[2025-03-14T17:46:52.648+0000] {taskinstance.py:2614} INFO - Dependencies all met for dep_context=non-requeueable deps ti=<TaskInstance: sample_dag.print_hello manual__2025-03-14T17:46:51.240192+00:00 [queued]>
[2025-03-14T17:46:52.728+0000] {taskinstance.py:2614} INFO - Dependencies all met for dep_context=requeueable deps ti=<TaskInstance: sample_dag.print_hello manual__2025-03-14T17:46:51.240192+00:00 [queued]>
[2025-03-14T17:46:52.729+0000] {taskinstance.py:2867} INFO - Starting attempt 1 of 2
[2025-03-14T17:46:52.734+0000] {taskinstance.py:2890} INFO - Executing <Task(PythonOperator): print_hello> on 2025-03-14 17:46:51.240192+00:00
[2025-03-14T17:46:52.738+0000] {warnings.py:112} WARNING - /home/***/.local/lib/python3.12/site-packages/***/task/task_runner/standard_task_runner.py:70: DeprecationWarning: This process (pid=256) is multi-threaded, use of fork() may lead to deadlocks in the child.
  pid = os.fork()

[2025-03-14T17:46:52.739+0000] {standard_task_runner.py:72} INFO - Started process 257 to run task
[2025-03-14T17:46:52.740+0000] {standard_task_runner.py:104} INFO - Running: ['***', 'tasks', 'run', 'sample_dag', 'print_hello', 'manual__2025-03-14T17:46:51.240192+00:00', '--job-id', '7', '--raw', '--subdir', 'DAGS_FOLDER/sample_dag.py', '--cfg-path', '/tmp/tmpe7u3at8n']
[2025-03-14T17:46:52.741+0000] {standard_task_runner.py:105} INFO - Job 7: Subtask print_hello
[2025-03-14T17:46:52.764+0000] {task_command.py:467} INFO - Running <TaskInstance: sample_dag.print_hello manual__2025-03-14T17:46:51.240192+00:00 [running]> on host a389b3fab5c2
[2025-03-14T17:46:52.799+0000] {taskinstance.py:3134} INFO - Exporting env vars: AIRFLOW_CTX_DAG_OWNER='***' AIRFLOW_CTX_DAG_ID='sample_dag' AIRFLOW_CTX_TASK_ID='print_hello' AIRFLOW_CTX_EXECUTION_DATE='2025-03-14T17:46:51.240192+00:00' AIRFLOW_CTX_TRY_NUMBER='1' AIRFLOW_CTX_DAG_RUN_ID='manual__2025-03-14T17:46:51.240192+00:00'
[2025-03-14T17:46:52.800+0000] {logging_mixin.py:190} INFO - Task instance is in running state
[2025-03-14T17:46:52.800+0000] {logging_mixin.py:190} INFO -  Previous state of the Task instance: queued
[2025-03-14T17:46:52.801+0000] {logging_mixin.py:190} INFO - Current task name:print_hello state:running start_date:2025-03-14 17:46:52.648688+00:00
[2025-03-14T17:46:52.801+0000] {logging_mixin.py:190} INFO - Dag name:sample_dag and current dag run status:running
[2025-03-14T17:46:52.801+0000] {taskinstance.py:732} INFO - ::endgroup::
[2025-03-14T17:46:52.801+0000] {logging_mixin.py:190} INFO - Hello, Airflow!
[2025-03-14T17:46:52.801+0000] {python.py:240} INFO - Done. Returned value was: None
[2025-03-14T17:46:52.806+0000] {taskinstance.py:341} INFO - ::group::Post task execution logs
[2025-03-14T17:46:52.807+0000] {taskinstance.py:353} INFO - Marking task as SUCCESS. dag_id=sample_dag, task_id=print_hello, run_id=manual__2025-03-14T17:46:51.240192+00:00, execution_date=20250314T174651, start_date=20250314T174652, end_date=20250314T174652
[2025-03-14T17:46:52.816+0000] {logging_mixin.py:190} INFO - Task instance in success state
[2025-03-14T17:46:52.816+0000] {logging_mixin.py:190} INFO -  Previous state of the Task instance: running
[2025-03-14T17:46:52.816+0000] {logging_mixin.py:190} INFO - Dag name:sample_dag queued_at:2025-03-14 17:46:51.254169+00:00
[2025-03-14T17:46:52.816+0000] {logging_mixin.py:190} INFO - Task hostname:a389b3fab5c2 operator:PythonOperator
[2025-03-14T17:46:52.840+0000] {local_task_job_runner.py:266} INFO - Task exited with return code 0
[2025-03-14T17:46:52.849+0000] {taskinstance.py:3901} INFO - 0 downstream tasks scheduled from follow-on schedule check
[2025-03-14T17:46:52.849+0000] {local_task_job_runner.py:245} INFO - ::endgroup::
