[2025-03-14T17:54:46.769+0000] {local_task_job_runner.py:123} INFO - ::group::Pre task execution logs
[2025-03-14T17:54:46.777+0000] {taskinstance.py:2614} INFO - Dependencies all met for dep_context=non-requeueable deps ti=<TaskInstance: sample_dag.print_hello manual__2025-03-14T17:54:45.598611+00:00 [queued]>
[2025-03-14T17:54:46.781+0000] {taskinstance.py:2614} INFO - Dependencies all met for dep_context=requeueable deps ti=<TaskInstance: sample_dag.print_hello manual__2025-03-14T17:54:45.598611+00:00 [queued]>
[2025-03-14T17:54:46.781+0000] {taskinstance.py:2867} INFO - Starting attempt 1 of 2
[2025-03-14T17:54:46.786+0000] {taskinstance.py:2890} INFO - Executing <Task(PythonOperator): print_hello> on 2025-03-14 17:54:45.598611+00:00
[2025-03-14T17:54:46.789+0000] {warnings.py:112} WARNING - /home/***/.local/lib/python3.12/site-packages/***/task/task_runner/standard_task_runner.py:70: DeprecationWarning: This process (pid=372) is multi-threaded, use of fork() may lead to deadlocks in the child.
  pid = os.fork()

[2025-03-14T17:54:46.790+0000] {standard_task_runner.py:72} INFO - Started process 373 to run task
[2025-03-14T17:54:46.790+0000] {standard_task_runner.py:104} INFO - Running: ['***', 'tasks', 'run', 'sample_dag', 'print_hello', 'manual__2025-03-14T17:54:45.598611+00:00', '--job-id', '10', '--raw', '--subdir', 'DAGS_FOLDER/sample_dag.py', '--cfg-path', '/tmp/tmp_rp1ekt6']
[2025-03-14T17:54:46.791+0000] {standard_task_runner.py:105} INFO - Job 10: Subtask print_hello
[2025-03-14T17:54:46.811+0000] {task_command.py:467} INFO - Running <TaskInstance: sample_dag.print_hello manual__2025-03-14T17:54:45.598611+00:00 [running]> on host a389b3fab5c2
[2025-03-14T17:54:46.844+0000] {taskinstance.py:3134} INFO - Exporting env vars: AIRFLOW_CTX_DAG_OWNER='***' AIRFLOW_CTX_DAG_ID='sample_dag' AIRFLOW_CTX_TASK_ID='print_hello' AIRFLOW_CTX_EXECUTION_DATE='2025-03-14T17:54:45.598611+00:00' AIRFLOW_CTX_TRY_NUMBER='1' AIRFLOW_CTX_DAG_RUN_ID='manual__2025-03-14T17:54:45.598611+00:00'
[2025-03-14T17:54:46.845+0000] {logging_mixin.py:190} INFO - Task instance is in running state
[2025-03-14T17:54:46.845+0000] {logging_mixin.py:190} INFO -  Previous state of the Task instance: queued
[2025-03-14T17:54:46.845+0000] {logging_mixin.py:190} INFO - Current task name:print_hello state:running start_date:2025-03-14 17:54:46.778040+00:00
[2025-03-14T17:54:46.845+0000] {logging_mixin.py:190} INFO - Dag name:sample_dag and current dag run status:running
[2025-03-14T17:54:46.846+0000] {taskinstance.py:732} INFO - ::endgroup::
[2025-03-14T17:54:46.846+0000] {logging_mixin.py:190} INFO - Hello, Airflow! Task triggered with ID: No ID provided
[2025-03-14T17:54:46.846+0000] {python.py:240} INFO - Done. Returned value was: None
[2025-03-14T17:54:46.967+0000] {taskinstance.py:341} INFO - ::group::Post task execution logs
[2025-03-14T17:54:46.968+0000] {taskinstance.py:353} INFO - Marking task as SUCCESS. dag_id=sample_dag, task_id=print_hello, run_id=manual__2025-03-14T17:54:45.598611+00:00, execution_date=20250314T175445, start_date=20250314T175446, end_date=20250314T175446
[2025-03-14T17:54:46.978+0000] {logging_mixin.py:190} INFO - Task instance in success state
[2025-03-14T17:54:46.978+0000] {logging_mixin.py:190} INFO -  Previous state of the Task instance: running
[2025-03-14T17:54:46.978+0000] {logging_mixin.py:190} INFO - Dag name:sample_dag queued_at:2025-03-14 17:54:45.603882+00:00
[2025-03-14T17:54:46.978+0000] {logging_mixin.py:190} INFO - Task hostname:a389b3fab5c2 operator:PythonOperator
[2025-03-14T17:54:47.012+0000] {local_task_job_runner.py:266} INFO - Task exited with return code 0
[2025-03-14T17:54:47.021+0000] {taskinstance.py:3901} INFO - 0 downstream tasks scheduled from follow-on schedule check
[2025-03-14T17:54:47.021+0000] {local_task_job_runner.py:245} INFO - ::endgroup::
