[2025-03-14T17:08:19.529+0000] {local_task_job_runner.py:123} INFO - ::group::Pre task execution logs
[2025-03-14T17:08:19.543+0000] {taskinstance.py:2614} INFO - Dependencies all met for dep_context=non-requeueable deps ti=<TaskInstance: sample_dag.print_hello scheduled__2025-03-13T00:00:00+00:00 [queued]>
[2025-03-14T17:08:19.549+0000] {taskinstance.py:2614} INFO - Dependencies all met for dep_context=requeueable deps ti=<TaskInstance: sample_dag.print_hello scheduled__2025-03-13T00:00:00+00:00 [queued]>
[2025-03-14T17:08:19.550+0000] {taskinstance.py:2867} INFO - Starting attempt 1 of 2
[2025-03-14T17:08:19.558+0000] {taskinstance.py:2890} INFO - Executing <Task(PythonOperator): print_hello> on 2025-03-13 00:00:00+00:00
[2025-03-14T17:08:19.563+0000] {warnings.py:112} WARNING - /home/***/.local/lib/python3.12/site-packages/***/task/task_runner/standard_task_runner.py:70: DeprecationWarning: This process (pid=354) is multi-threaded, use of fork() may lead to deadlocks in the child.
  pid = os.fork()

[2025-03-14T17:08:19.564+0000] {standard_task_runner.py:72} INFO - Started process 355 to run task
[2025-03-14T17:08:19.566+0000] {standard_task_runner.py:104} INFO - Running: ['***', 'tasks', 'run', 'sample_dag', 'print_hello', 'scheduled__2025-03-13T00:00:00+00:00', '--job-id', '3', '--raw', '--subdir', 'DAGS_FOLDER/sample_dag.py', '--cfg-path', '/tmp/tmp5s20u68z']
[2025-03-14T17:08:19.568+0000] {standard_task_runner.py:105} INFO - Job 3: Subtask print_hello
[2025-03-14T17:08:19.848+0000] {task_command.py:467} INFO - Running <TaskInstance: sample_dag.print_hello scheduled__2025-03-13T00:00:00+00:00 [running]> on host f80b8e600a5b
[2025-03-14T17:08:19.881+0000] {taskinstance.py:3134} INFO - Exporting env vars: AIRFLOW_CTX_DAG_OWNER='***' AIRFLOW_CTX_DAG_ID='sample_dag' AIRFLOW_CTX_TASK_ID='print_hello' AIRFLOW_CTX_EXECUTION_DATE='2025-03-13T00:00:00+00:00' AIRFLOW_CTX_TRY_NUMBER='1' AIRFLOW_CTX_DAG_RUN_ID='scheduled__2025-03-13T00:00:00+00:00'
[2025-03-14T17:08:19.882+0000] {logging_mixin.py:190} INFO - Task instance is in running state
[2025-03-14T17:08:19.882+0000] {logging_mixin.py:190} INFO -  Previous state of the Task instance: queued
[2025-03-14T17:08:19.882+0000] {logging_mixin.py:190} INFO - Current task name:print_hello state:running start_date:2025-03-14 17:08:19.544613+00:00
[2025-03-14T17:08:19.882+0000] {logging_mixin.py:190} INFO - Dag name:sample_dag and current dag run status:running
[2025-03-14T17:08:19.882+0000] {taskinstance.py:732} INFO - ::endgroup::
[2025-03-14T17:08:19.882+0000] {logging_mixin.py:190} INFO - Hello, Airflow!
[2025-03-14T17:08:19.883+0000] {python.py:240} INFO - Done. Returned value was: None
[2025-03-14T17:08:19.887+0000] {taskinstance.py:341} INFO - ::group::Post task execution logs
[2025-03-14T17:08:19.888+0000] {taskinstance.py:353} INFO - Marking task as SUCCESS. dag_id=sample_dag, task_id=print_hello, run_id=scheduled__2025-03-13T00:00:00+00:00, execution_date=20250313T000000, start_date=20250314T170819, end_date=20250314T170819
[2025-03-14T17:08:19.900+0000] {logging_mixin.py:190} INFO - Task instance in success state
[2025-03-14T17:08:19.900+0000] {logging_mixin.py:190} INFO -  Previous state of the Task instance: running
[2025-03-14T17:08:19.900+0000] {logging_mixin.py:190} INFO - Dag name:sample_dag queued_at:2025-03-14 17:08:15.819757+00:00
[2025-03-14T17:08:19.900+0000] {logging_mixin.py:190} INFO - Task hostname:f80b8e600a5b operator:PythonOperator
[2025-03-14T17:08:19.910+0000] {local_task_job_runner.py:266} INFO - Task exited with return code 0
[2025-03-14T17:08:20.022+0000] {taskinstance.py:3901} INFO - 0 downstream tasks scheduled from follow-on schedule check
[2025-03-14T17:08:20.023+0000] {local_task_job_runner.py:245} INFO - ::endgroup::
