[2025-03-15T12:35:37.166+0000] {local_task_job_runner.py:123} INFO - ::group::Pre task execution logs
[2025-03-15T12:35:37.173+0000] {taskinstance.py:2614} INFO - Dependencies all met for dep_context=non-requeueable deps ti=<TaskInstance: upload_files_to_minio_dag.upload_to_minio manual__2025-03-15T21:35:33+09:00 [queued]>
[2025-03-15T12:35:37.176+0000] {taskinstance.py:2614} INFO - Dependencies all met for dep_context=requeueable deps ti=<TaskInstance: upload_files_to_minio_dag.upload_to_minio manual__2025-03-15T21:35:33+09:00 [queued]>
[2025-03-15T12:35:37.176+0000] {taskinstance.py:2867} INFO - Starting attempt 1 of 2
[2025-03-15T12:35:37.182+0000] {taskinstance.py:2890} INFO - Executing <Task(PythonOperator): upload_to_minio> on 2025-03-15 12:35:33+00:00
[2025-03-15T12:35:37.187+0000] {warnings.py:112} WARNING - /home/***/.local/lib/python3.12/site-packages/***/task/task_runner/standard_task_runner.py:70: DeprecationWarning: This process (pid=394) is multi-threaded, use of fork() may lead to deadlocks in the child.
  pid = os.fork()

[2025-03-15T12:35:37.187+0000] {standard_task_runner.py:72} INFO - Started process 395 to run task
[2025-03-15T12:35:37.188+0000] {standard_task_runner.py:104} INFO - Running: ['***', 'tasks', 'run', 'upload_files_to_minio_dag', 'upload_to_minio', 'manual__2025-03-15T21:35:33+09:00', '--job-id', '43', '--raw', '--subdir', 'DAGS_FOLDER/upload_files_to_minio_dag.py', '--cfg-path', '/tmp/tmpe4c7sn4i']
[2025-03-15T12:35:37.189+0000] {standard_task_runner.py:105} INFO - Job 43: Subtask upload_to_minio
[2025-03-15T12:35:37.213+0000] {task_command.py:467} INFO - Running <TaskInstance: upload_files_to_minio_dag.upload_to_minio manual__2025-03-15T21:35:33+09:00 [running]> on host 73d023b9224e
[2025-03-15T12:35:37.252+0000] {taskinstance.py:3134} INFO - Exporting env vars: AIRFLOW_CTX_DAG_OWNER='***' AIRFLOW_CTX_DAG_ID='upload_files_to_minio_dag' AIRFLOW_CTX_TASK_ID='upload_to_minio' AIRFLOW_CTX_EXECUTION_DATE='2025-03-15T12:35:33+00:00' AIRFLOW_CTX_TRY_NUMBER='1' AIRFLOW_CTX_DAG_RUN_ID='manual__2025-03-15T21:35:33+09:00'
[2025-03-15T12:35:37.253+0000] {logging_mixin.py:190} INFO - Task instance is in running state
[2025-03-15T12:35:37.253+0000] {logging_mixin.py:190} INFO -  Previous state of the Task instance: queued
[2025-03-15T12:35:37.253+0000] {logging_mixin.py:190} INFO - Current task name:upload_to_minio state:running start_date:2025-03-15 12:35:37.173654+00:00
[2025-03-15T12:35:37.254+0000] {logging_mixin.py:190} INFO - Dag name:upload_files_to_minio_dag and current dag run status:running
[2025-03-15T12:35:37.254+0000] {taskinstance.py:732} INFO - ::endgroup::
[2025-03-15T12:35:37.336+0000] {logging_mixin.py:190} INFO - Uploaded: /opt/***/uploads/test.pdf → document/2025-03-15/2025-03-15_12-35-37/test.pdf
[2025-03-15T12:35:37.336+0000] {python.py:240} INFO - Done. Returned value was: None
[2025-03-15T12:35:37.341+0000] {taskinstance.py:341} INFO - ::group::Post task execution logs
[2025-03-15T12:35:37.342+0000] {taskinstance.py:353} INFO - Marking task as SUCCESS. dag_id=upload_files_to_minio_dag, task_id=upload_to_minio, run_id=manual__2025-03-15T21:35:33+09:00, execution_date=20250315T123533, start_date=20250315T123537, end_date=20250315T123537
[2025-03-15T12:35:37.352+0000] {logging_mixin.py:190} INFO - Task instance in success state
[2025-03-15T12:35:37.352+0000] {logging_mixin.py:190} INFO -  Previous state of the Task instance: running
[2025-03-15T12:35:37.352+0000] {logging_mixin.py:190} INFO - Dag name:upload_files_to_minio_dag queued_at:2025-03-15 12:35:35.832470+00:00
[2025-03-15T12:35:37.352+0000] {logging_mixin.py:190} INFO - Task hostname:73d023b9224e operator:PythonOperator
[2025-03-15T12:35:37.367+0000] {local_task_job_runner.py:266} INFO - Task exited with return code 0
[2025-03-15T12:35:37.376+0000] {taskinstance.py:3901} INFO - 0 downstream tasks scheduled from follow-on schedule check
[2025-03-15T12:35:37.377+0000] {local_task_job_runner.py:245} INFO - ::endgroup::
