[2025-03-15T11:22:02.374+0000] {local_task_job_runner.py:123} INFO - ::group::Pre task execution logs
[2025-03-15T11:22:02.382+0000] {taskinstance.py:2614} INFO - Dependencies all met for dep_context=non-requeueable deps ti=<TaskInstance: upload_files_to_minio_dag.upload_file_to_minio manual__2025-03-15T20:18:46+09:00 [queued]>
[2025-03-15T11:22:02.385+0000] {taskinstance.py:2614} INFO - Dependencies all met for dep_context=requeueable deps ti=<TaskInstance: upload_files_to_minio_dag.upload_file_to_minio manual__2025-03-15T20:18:46+09:00 [queued]>
[2025-03-15T11:22:02.385+0000] {taskinstance.py:2867} INFO - Starting attempt 1 of 2
[2025-03-15T11:22:02.390+0000] {taskinstance.py:2890} INFO - Executing <Task(PythonOperator): upload_file_to_minio> on 2025-03-15 11:18:46+00:00
[2025-03-15T11:22:02.394+0000] {warnings.py:112} WARNING - /home/***/.local/lib/python3.12/site-packages/***/task/task_runner/standard_task_runner.py:70: DeprecationWarning: This process (pid=8070) is multi-threaded, use of fork() may lead to deadlocks in the child.
  pid = os.fork()

[2025-03-15T11:22:02.394+0000] {standard_task_runner.py:72} INFO - Started process 8071 to run task
[2025-03-15T11:22:02.395+0000] {standard_task_runner.py:104} INFO - Running: ['***', 'tasks', 'run', 'upload_files_to_minio_dag', 'upload_file_to_minio', 'manual__2025-03-15T20:18:46+09:00', '--job-id', '33', '--raw', '--subdir', 'DAGS_FOLDER/upload_files_to_minio_dag.py', '--cfg-path', '/tmp/tmp23knz3zi']
[2025-03-15T11:22:02.395+0000] {standard_task_runner.py:105} INFO - Job 33: Subtask upload_file_to_minio
[2025-03-15T11:22:02.419+0000] {task_command.py:467} INFO - Running <TaskInstance: upload_files_to_minio_dag.upload_file_to_minio manual__2025-03-15T20:18:46+09:00 [running]> on host a389b3fab5c2
[2025-03-15T11:22:02.659+0000] {taskinstance.py:3134} INFO - Exporting env vars: AIRFLOW_CTX_DAG_OWNER='***' AIRFLOW_CTX_DAG_ID='upload_files_to_minio_dag' AIRFLOW_CTX_TASK_ID='upload_file_to_minio' AIRFLOW_CTX_EXECUTION_DATE='2025-03-15T11:18:46+00:00' AIRFLOW_CTX_TRY_NUMBER='1' AIRFLOW_CTX_DAG_RUN_ID='manual__2025-03-15T20:18:46+09:00'
[2025-03-15T11:22:02.660+0000] {logging_mixin.py:190} INFO - Task instance is in running state
[2025-03-15T11:22:02.660+0000] {logging_mixin.py:190} INFO -  Previous state of the Task instance: queued
[2025-03-15T11:22:02.660+0000] {logging_mixin.py:190} INFO - Current task name:upload_file_to_minio state:running start_date:2025-03-15 11:22:02.382451+00:00
[2025-03-15T11:22:02.660+0000] {logging_mixin.py:190} INFO - Dag name:upload_files_to_minio_dag and current dag run status:running
[2025-03-15T11:22:02.661+0000] {taskinstance.py:732} INFO - ::endgroup::
[2025-03-15T11:22:02.664+0000] {logging_mixin.py:190} INFO - Error: File /Users/zakwanzahid/Downloads/UserManual.pdf does not exist!
[2025-03-15T11:22:02.664+0000] {python.py:240} INFO - Done. Returned value was: None
[2025-03-15T11:22:02.668+0000] {taskinstance.py:341} INFO - ::group::Post task execution logs
[2025-03-15T11:22:02.668+0000] {taskinstance.py:353} INFO - Marking task as SUCCESS. dag_id=upload_files_to_minio_dag, task_id=upload_file_to_minio, run_id=manual__2025-03-15T20:18:46+09:00, execution_date=20250315T111846, start_date=20250315T112202, end_date=20250315T112202
[2025-03-15T11:22:02.678+0000] {logging_mixin.py:190} INFO - Task instance in success state
[2025-03-15T11:22:02.678+0000] {logging_mixin.py:190} INFO -  Previous state of the Task instance: running
[2025-03-15T11:22:02.678+0000] {logging_mixin.py:190} INFO - Dag name:upload_files_to_minio_dag queued_at:2025-03-15 11:22:00.789397+00:00
[2025-03-15T11:22:02.678+0000] {logging_mixin.py:190} INFO - Task hostname:a389b3fab5c2 operator:PythonOperator
[2025-03-15T11:22:02.700+0000] {local_task_job_runner.py:266} INFO - Task exited with return code 0
[2025-03-15T11:22:02.710+0000] {taskinstance.py:3901} INFO - 0 downstream tasks scheduled from follow-on schedule check
[2025-03-15T11:22:02.711+0000] {local_task_job_runner.py:245} INFO - ::endgroup::
