[2025-03-14T18:01:46.251+0000] {local_task_job_runner.py:123} INFO - ::group::Pre task execution logs
[2025-03-14T18:01:46.259+0000] {taskinstance.py:2614} INFO - Dependencies all met for dep_context=non-requeueable deps ti=<TaskInstance: simple_message_dag.print_message manual__2025-03-14T18:01:42+00:00 [queued]>
[2025-03-14T18:01:46.262+0000] {taskinstance.py:2614} INFO - Dependencies all met for dep_context=requeueable deps ti=<TaskInstance: simple_message_dag.print_message manual__2025-03-14T18:01:42+00:00 [queued]>
[2025-03-14T18:01:46.262+0000] {taskinstance.py:2867} INFO - Starting attempt 1 of 2
[2025-03-14T18:01:46.267+0000] {taskinstance.py:2890} INFO - Executing <Task(PythonOperator): print_message> on 2025-03-14 18:01:42+00:00
[2025-03-14T18:01:46.271+0000] {warnings.py:112} WARNING - /home/***/.local/lib/python3.12/site-packages/***/task/task_runner/standard_task_runner.py:70: DeprecationWarning: This process (pid=470) is multi-threaded, use of fork() may lead to deadlocks in the child.
  pid = os.fork()

[2025-03-14T18:01:46.272+0000] {standard_task_runner.py:72} INFO - Started process 471 to run task
[2025-03-14T18:01:46.272+0000] {standard_task_runner.py:104} INFO - Running: ['***', 'tasks', 'run', 'simple_message_dag', 'print_message', 'manual__2025-03-14T18:01:42+00:00', '--job-id', '12', '--raw', '--subdir', 'DAGS_FOLDER/sample_dag.py', '--cfg-path', '/tmp/tmp_etpte3h']
[2025-03-14T18:01:46.273+0000] {standard_task_runner.py:105} INFO - Job 12: Subtask print_message
[2025-03-14T18:01:46.300+0000] {task_command.py:467} INFO - Running <TaskInstance: simple_message_dag.print_message manual__2025-03-14T18:01:42+00:00 [running]> on host a389b3fab5c2
[2025-03-14T18:01:46.503+0000] {taskinstance.py:3134} INFO - Exporting env vars: AIRFLOW_CTX_DAG_OWNER='***' AIRFLOW_CTX_DAG_ID='simple_message_dag' AIRFLOW_CTX_TASK_ID='print_message' AIRFLOW_CTX_EXECUTION_DATE='2025-03-14T18:01:42+00:00' AIRFLOW_CTX_TRY_NUMBER='1' AIRFLOW_CTX_DAG_RUN_ID='manual__2025-03-14T18:01:42+00:00'
[2025-03-14T18:01:46.504+0000] {logging_mixin.py:190} INFO - Task instance is in running state
[2025-03-14T18:01:46.504+0000] {logging_mixin.py:190} INFO -  Previous state of the Task instance: queued
[2025-03-14T18:01:46.504+0000] {logging_mixin.py:190} INFO - Current task name:print_message state:running start_date:2025-03-14 18:01:46.259381+00:00
[2025-03-14T18:01:46.504+0000] {logging_mixin.py:190} INFO - Dag name:simple_message_dag and current dag run status:running
[2025-03-14T18:01:46.504+0000] {taskinstance.py:732} INFO - ::endgroup::
[2025-03-14T18:01:46.504+0000] {logging_mixin.py:190} INFO - Message from the user: Hello, Airflow!
[2025-03-14T18:01:46.505+0000] {python.py:240} INFO - Done. Returned value was: None
[2025-03-14T18:01:46.509+0000] {taskinstance.py:341} INFO - ::group::Post task execution logs
[2025-03-14T18:01:46.509+0000] {taskinstance.py:353} INFO - Marking task as SUCCESS. dag_id=simple_message_dag, task_id=print_message, run_id=manual__2025-03-14T18:01:42+00:00, execution_date=20250314T180142, start_date=20250314T180146, end_date=20250314T180146
[2025-03-14T18:01:46.524+0000] {logging_mixin.py:190} INFO - Task instance in success state
[2025-03-14T18:01:46.524+0000] {logging_mixin.py:190} INFO -  Previous state of the Task instance: running
[2025-03-14T18:01:46.525+0000] {logging_mixin.py:190} INFO - Dag name:simple_message_dag queued_at:2025-03-14 18:01:44.511495+00:00
[2025-03-14T18:01:46.525+0000] {logging_mixin.py:190} INFO - Task hostname:a389b3fab5c2 operator:PythonOperator
[2025-03-14T18:01:46.538+0000] {local_task_job_runner.py:266} INFO - Task exited with return code 0
[2025-03-14T18:01:46.548+0000] {taskinstance.py:3901} INFO - 0 downstream tasks scheduled from follow-on schedule check
[2025-03-14T18:01:46.549+0000] {local_task_job_runner.py:245} INFO - ::endgroup::
