[2025-03-14T17:54:33.525+0000] {local_task_job_runner.py:123} INFO - ::group::Pre task execution logs
[2025-03-14T17:54:33.532+0000] {taskinstance.py:2614} INFO - Dependencies all met for dep_context=non-requeueable deps ti=<TaskInstance: sample_dag.print_hello manual__2025-03-14T17:46:09.395791+00:00 [queued]>
[2025-03-14T17:54:33.536+0000] {taskinstance.py:2614} INFO - Dependencies all met for dep_context=requeueable deps ti=<TaskInstance: sample_dag.print_hello manual__2025-03-14T17:46:09.395791+00:00 [queued]>
[2025-03-14T17:54:33.536+0000] {taskinstance.py:2867} INFO - Starting attempt 2 of 2
[2025-03-14T17:54:33.541+0000] {taskinstance.py:2890} INFO - Executing <Task(PythonOperator): print_hello> on 2025-03-14 17:46:09.395791+00:00
[2025-03-14T17:54:33.545+0000] {warnings.py:112} WARNING - /home/***/.local/lib/python3.12/site-packages/***/task/task_runner/standard_task_runner.py:70: DeprecationWarning: This process (pid=362) is multi-threaded, use of fork() may lead to deadlocks in the child.
  pid = os.fork()

[2025-03-14T17:54:33.546+0000] {standard_task_runner.py:72} INFO - Started process 363 to run task
[2025-03-14T17:54:33.547+0000] {standard_task_runner.py:104} INFO - Running: ['***', 'tasks', 'run', 'sample_dag', 'print_hello', 'manual__2025-03-14T17:46:09.395791+00:00', '--job-id', '9', '--raw', '--subdir', 'DAGS_FOLDER/sample_dag.py', '--cfg-path', '/tmp/tmpr9jguoem']
[2025-03-14T17:54:33.547+0000] {standard_task_runner.py:105} INFO - Job 9: Subtask print_hello
[2025-03-14T17:54:33.569+0000] {task_command.py:467} INFO - Running <TaskInstance: sample_dag.print_hello manual__2025-03-14T17:46:09.395791+00:00 [running]> on host a389b3fab5c2
[2025-03-14T17:54:33.610+0000] {taskinstance.py:3134} INFO - Exporting env vars: AIRFLOW_CTX_DAG_OWNER='***' AIRFLOW_CTX_DAG_ID='sample_dag' AIRFLOW_CTX_TASK_ID='print_hello' AIRFLOW_CTX_EXECUTION_DATE='2025-03-14T17:46:09.395791+00:00' AIRFLOW_CTX_TRY_NUMBER='2' AIRFLOW_CTX_DAG_RUN_ID='manual__2025-03-14T17:46:09.395791+00:00'
[2025-03-14T17:54:33.611+0000] {logging_mixin.py:190} INFO - Task instance is in running state
[2025-03-14T17:54:33.611+0000] {logging_mixin.py:190} INFO -  Previous state of the Task instance: queued
[2025-03-14T17:54:33.611+0000] {logging_mixin.py:190} INFO - Current task name:print_hello state:running start_date:2025-03-14 17:54:33.533208+00:00
[2025-03-14T17:54:33.611+0000] {logging_mixin.py:190} INFO - Dag name:sample_dag and current dag run status:running
[2025-03-14T17:54:33.611+0000] {taskinstance.py:732} INFO - ::endgroup::
[2025-03-14T17:54:33.612+0000] {logging_mixin.py:190} INFO - Hello, Airflow! Task triggered with ID: No ID provided
[2025-03-14T17:54:33.612+0000] {python.py:240} INFO - Done. Returned value was: None
[2025-03-14T17:54:33.785+0000] {taskinstance.py:341} INFO - ::group::Post task execution logs
[2025-03-14T17:54:33.786+0000] {taskinstance.py:353} INFO - Marking task as SUCCESS. dag_id=sample_dag, task_id=print_hello, run_id=manual__2025-03-14T17:46:09.395791+00:00, execution_date=20250314T174609, start_date=20250314T175433, end_date=20250314T175433
[2025-03-14T17:54:33.796+0000] {logging_mixin.py:190} INFO - Task instance in success state
[2025-03-14T17:54:33.796+0000] {logging_mixin.py:190} INFO -  Previous state of the Task instance: running
[2025-03-14T17:54:33.796+0000] {logging_mixin.py:190} INFO - Dag name:sample_dag queued_at:2025-03-14 17:46:09.405057+00:00
[2025-03-14T17:54:33.796+0000] {logging_mixin.py:190} INFO - Task hostname:a389b3fab5c2 operator:PythonOperator
[2025-03-14T17:54:33.808+0000] {local_task_job_runner.py:266} INFO - Task exited with return code 0
[2025-03-14T17:54:33.816+0000] {taskinstance.py:3901} INFO - 0 downstream tasks scheduled from follow-on schedule check
[2025-03-14T17:54:33.817+0000] {local_task_job_runner.py:245} INFO - ::endgroup::
